<?xml version="1.0" encoding="UTF-8"?>
<testsuite xmlns:xsi="http://www.w3.org/2001/XMLSchema-instance" xsi:noNamespaceSchemaLocation="https://maven.apache.org/surefire/maven-surefire-plugin/xsd/surefire-test-report.xsd" name="TestSuite" time="1.674" tests="6" errors="0" skipped="4" failures="2">
  <properties>
[...]
</properties>
  <testcase name="setup" classname="com.inetbanking.testCases.TC_LoginTest_001" time="1.02">
    <failure message="The driver executable does not exist: /Users/miftahchowdhury/SeleniumHybridFramework/./Drivers\chromedriver.exe" type="java.lang.IllegalStateException">java.lang.IllegalStateException: The driver executable does not exist: /Users/miftahchowdhury/SeleniumHybridFramework/./Drivers\chromedriver.exe
</failure>
  </testcase>
  <testcase name="loginTest" classname="com.inetbanking.testCases.TC_LoginTest_001" time="0">
    <skipped message="The driver executable does not exist: /Users/miftahchowdhury/SeleniumHybridFramework/./Drivers\chromedriver.exe"/>
  </testcase>
  <testcase name="tearDown" classname="com.inetbanking.testCases.TC_LoginTest_001" time="0">
    <skipped/>
  </testcase>
  <testcase name="setup" classname="com.inetbanking.testCases.TC_AddCustomerTest_003" time="1.063">
    <failure message="The driver executable does not exist: /Users/miftahchowdhury/SeleniumHybridFramework/./Drivers\chromedriver.exe" type="java.lang.IllegalStateException">java.lang.IllegalStateException: The driver executable does not exist: /Users/miftahchowdhury/SeleniumHybridFramework/./Drivers\chromedriver.exe
</failure>
  </testcase>
  <testcase name="addNewCustomer" classname="com.inetbanking.testCases.TC_AddCustomerTest_003" time="0">
    <skipped message="The driver executable does not exist: /Users/miftahchowdhury/SeleniumHybridFramework/./Drivers\chromedriver.exe"/>
  </testcase>
  <testcase name="tearDown" classname="com.inetbanking.testCases.TC_AddCustomerTest_003" time="0">
    <skipped/>
  </testcase>
</testsuite>